<?xml version="1.0" encoding="UTF-8"?>
<!-- Generated by org.testng.reporters.JUnitReportReporter -->
<testsuite skipped="0" hostname="DESKTOP-BI1G9V8" name="Academy.ValidateNavigation" tests="1" failures="0" timestamp="2019-12-12T19:04:46 IST" time="12.580" errors="0">
  <testcase name="basePageNavigation" time="12.580" classname="Academy.ValidateNavigation"/>
</testsuite> <!-- Academy.ValidateNavigation -->
