<?xml version="1.0" encoding="UTF-8"?>
<!-- Generated by org.testng.reporters.JUnitReportReporter -->
<testsuite skipped="0" hostname="DESKTOP-BI1G9V8" name="Academy.Title" tests="1" failures="0" timestamp="2019-12-09T10:48:31 IST" time="10.519" errors="0">
  <testcase name="basePageNavigation" time="10.519" classname="Academy.Title"/>
</testsuite> <!-- Academy.Title -->
