<?xml version="1.0" encoding="UTF-8"?>
<!-- Generated by org.testng.reporters.JUnitReportReporter -->
<testsuite skipped="0" hostname="DESKTOP-BI1G9V8" name="Academy.HomePage" tests="2" failures="0" timestamp="2019-12-12T19:04:46 IST" time="27.588" errors="0">
  <testcase name="basePageNavigation" time="8.847" classname="Academy.HomePage"/>
  <testcase name="basePageNavigation" time="18.741" classname="Academy.HomePage"/>
</testsuite> <!-- Academy.HomePage -->
