<?xml version="1.0" encoding="UTF-8"?>
<!-- Generated by org.testng.reporters.JUnitReportReporter -->
<testsuite skipped="0" hostname="DESKTOP-BI1G9V8" name="Academy.ValidateNavigation" tests="1" failures="0" timestamp="2019-12-12T11:13:48 IST" time="8.531" errors="0">
  <testcase name="basePageNavigation" time="8.531" classname="Academy.ValidateNavigation"/>
</testsuite> <!-- Academy.ValidateNavigation -->
