<?xml version="1.0" encoding="UTF-8"?>
<!-- Generated by org.testng.reporters.JUnitReportReporter -->
<testsuite skipped="0" hostname="DESKTOP-BI1G9V8" name="Academy.HomePage" tests="2" failures="0" timestamp="2019-12-12T11:13:48 IST" time="26.272" errors="0">
  <testcase name="basePageNavigation" time="6.761" classname="Academy.HomePage"/>
  <testcase name="basePageNavigation" time="19.511" classname="Academy.HomePage"/>
</testsuite> <!-- Academy.HomePage -->
