<?xml version="1.0" encoding="UTF-8"?>
<!-- Generated by org.testng.reporters.JUnitReportReporter -->
<testsuite skipped="0" hostname="DESKTOP-BI1G9V8" name="Academy.HomePage" tests="2" failures="0" timestamp="2019-12-13T15:30:04 IST" time="44.192" errors="0">
  <testcase name="basePageNavigation" time="30.213" classname="Academy.HomePage"/>
  <testcase name="basePageNavigation" time="13.979" classname="Academy.HomePage"/>
</testsuite> <!-- Academy.HomePage -->
