<?xml version="1.0" encoding="UTF-8"?>
<!-- Generated by org.testng.reporters.JUnitReportReporter -->
<testsuite skipped="0" hostname="DESKTOP-BI1G9V8" name="Academy.ValidateTitle" tests="1" failures="0" timestamp="2019-12-13T15:30:04 IST" time="17.478" errors="0">
  <testcase name="basePageNavigation" time="17.478" classname="Academy.ValidateTitle"/>
</testsuite> <!-- Academy.ValidateTitle -->
